TN:
SF:src\modules\appointments\services\CreateAppointmentService.ts
FN:14,(anonymous_8)
FN:18,(anonymous_9)
FN:22,(anonymous_11)
FNF:3
FNH:3
FNDA:2,(anonymous_8)
FNDA:3,(anonymous_9)
FNDA:3,(anonymous_11)
DA:1,1
DA:2,1
DA:15,2
DA:19,3
DA:21,3
DA:23,3
DA:24,1
DA:28,2
DA:33,2
DA:37,1
LF:10
LH:10
BRDA:23,0,0,1
BRF:1
BRH:1
end_of_record
TN:
SF:src\modules\users\services\AuthenticateUserService.ts
FN:21,(anonymous_9)
FN:25,(anonymous_10)
FN:33,(anonymous_12)
FNF:3
FNH:0
FNDA:0,(anonymous_9)
FNDA:0,(anonymous_10)
FNDA:0,(anonymous_12)
DA:1,0
DA:2,0
DA:4,0
DA:5,0
DA:22,0
DA:27,0
DA:29,0
DA:30,0
DA:33,0
DA:34,0
DA:35,0
DA:39,0
DA:41,0
DA:46,0
DA:48,0
DA:55,0
LF:16
LH:0
BRDA:29,0,0,0
BRDA:34,1,0,0
BRF:2
BRH:0
end_of_record
TN:
SF:src\modules\users\services\CreateUserService.ts
FN:20,(anonymous_8)
FN:24,(anonymous_9)
FN:26,(anonymous_11)
FNF:3
FNH:3
FNDA:2,(anonymous_8)
FNDA:3,(anonymous_9)
FNDA:3,(anonymous_11)
DA:1,1
DA:2,1
DA:21,2
DA:26,3
DA:27,3
DA:28,1
DA:29,1
DA:33,2
DA:35,2
DA:41,2
DA:47,2
DA:51,1
LF:12
LH:12
BRDA:27,0,0,1
BRF:1
BRH:1
end_of_record
TN:
SF:src\modules\users\services\UpdateUserAvatarService.ts
FN:20,(anonymous_9)
FN:24,(anonymous_10)
FNF:2
FNH:0
FNDA:0,(anonymous_9)
FNDA:0,(anonymous_10)
DA:2,0
DA:3,0
DA:4,0
DA:5,0
DA:21,0
DA:25,0
DA:27,0
DA:28,0
DA:31,0
DA:34,0
DA:35,0
DA:37,0
DA:38,0
DA:42,0
DA:43,0
DA:46,0
DA:48,0
DA:50,0
DA:56,0
LF:19
LH:0
BRDA:27,0,0,0
BRDA:31,1,0,0
BRDA:37,2,0,0
BRDA:42,3,0,0
BRF:4
BRH:0
end_of_record
